'09/09/2019 02:16:38 PM' - DEBUG - #############################...start Login case 1...#############################
'09/09/2019 02:16:38 PM' - DEBUG - 用例名称         :ByPassword
'09/09/2019 02:16:38 PM' - DEBUG - 用例描述         :用户名密码正确登录
'09/09/2019 02:16:38 PM' - DEBUG - 用例执行时间      :2019-09-09 14:16:38
'09/09/2019 02:16:38 PM' - DEBUG - ------------------------------------- 请求信息 -------------------------------------
'09/09/2019 02:16:38 PM' - DEBUG - 用例请求方法      :post
'09/09/2019 02:16:38 PM' - DEBUG - 接口地址         :https://as-web.fangdd.com/ioux/loginByPassword
'09/09/2019 02:16:38 PM' - DEBUG - 请求参数         :
'09/09/2019 02:16:38 PM' - DEBUG - 是否跳过         :否
'09/09/2019 02:16:38 PM' - DEBUG - 数据依赖类型      :relateOut
'09/09/2019 02:16:38 PM' - DEBUG - header          :{'content-type': 'application/json'}
'09/09/2019 02:16:38 PM' - DEBUG - 请求体           :{'username': '18682236985', 'password': 'Wawa520.'}
'09/09/2019 02:16:38 PM' - DEBUG - 响应结果         :{'code': 200, 'data': {'userId': 6520137, 'userName': '陈文建', 'realName': '陈文建', 'mobile': '18682236985', 'email': 'chenwenjian@fangdd.com', 'avatar': None, 'roleId': 1, 'roleName': '新房商服', 'orgId': 3, 'orgName': '测试自营分公司', 'serviceAgentCount': 0, 'cities': [{'cityName': '白山', 'cityId': 10204}, {'cityName': '东莞', 'cityId': 1406}, {'cityName': '苏州', 'cityId': 3}, {'cityName': '北京', 'cityId': 2179}, {'cityName': '成都', 'cityId': 450}, {'cityName': '武汉', 'cityId': 619}, {'cityName': '广州', 'cityId': 852}], 'isLogin': True, 'isAs': False, 'isPlatformAs': False, 'dep': {'depName': '测试自营分公司', 'level': 1, 'parentDepId': None, 'orgId': None, 'depId': 37, 'positionType': 1}, 'staffManagerLevel': 1, 'orgs': None}}
'09/09/2019 02:16:38 PM' - DEBUG - 预期结果         :{'code': 200}
'09/09/2019 02:16:38 PM' - INFO - 依赖数据缓存成功    :userId-->ID, 数据值为:6520137
'09/09/2019 02:16:38 PM' - DEBUG - ##############################...end Login case 1...##############################
'09/09/2019 02:16:38 PM' - DEBUG - #############################...start Login case 2...#############################
'09/09/2019 02:16:38 PM' - DEBUG - 用例名称         :ByPassword
'09/09/2019 02:16:38 PM' - DEBUG - 用例描述         :用户名或密码为空
'09/09/2019 02:16:38 PM' - DEBUG - 用例执行时间      :2019-09-09 14:16:38
'09/09/2019 02:16:38 PM' - DEBUG - ------------------------------------- 请求信息 -------------------------------------
'09/09/2019 02:16:38 PM' - DEBUG - 用例请求方法      :post
'09/09/2019 02:16:38 PM' - DEBUG - 接口地址         :https://as-web.fangdd.com/ioux/loginByPassword
'09/09/2019 02:16:38 PM' - DEBUG - 请求参数         :
'09/09/2019 02:16:38 PM' - DEBUG - 是否跳过         :否
'09/09/2019 02:16:38 PM' - DEBUG - 请求体           :{'username': '', 'password': 'Wawa521.'}
'09/09/2019 02:16:38 PM' - DEBUG - 响应结果         :{'error': True, 'code': -1, 'msg': '用户名或密码为空'}
'09/09/2019 02:16:38 PM' - DEBUG - 预期结果         :{'code': -1, 'msg': '用户名或密码为空'}
'09/09/2019 02:16:38 PM' - DEBUG - ##############################...end Login case 2...##############################
'09/09/2019 02:16:38 PM' - DEBUG - #############################...start Login case 3...#############################
'09/09/2019 02:16:38 PM' - DEBUG - 用例名称         :ByPassword
'09/09/2019 02:16:38 PM' - DEBUG - 用例描述         :用户名或密码为空
'09/09/2019 02:16:38 PM' - DEBUG - 用例执行时间      :2019-09-09 14:16:38
'09/09/2019 02:16:38 PM' - DEBUG - ------------------------------------- 请求信息 -------------------------------------
'09/09/2019 02:16:38 PM' - DEBUG - 用例请求方法      :post
'09/09/2019 02:16:38 PM' - DEBUG - 接口地址         :https://as-web.fangdd.com/ioux/loginByPassword
'09/09/2019 02:16:38 PM' - DEBUG - 请求参数         :
'09/09/2019 02:16:38 PM' - DEBUG - 是否跳过         :否
'09/09/2019 02:16:38 PM' - DEBUG - 请求体           :{'username': '18682236985', 'password': ''}
'09/09/2019 02:16:39 PM' - DEBUG - 响应结果         :{'error': True, 'code': -1, 'msg': '用户名或密码为空'}
'09/09/2019 02:16:39 PM' - DEBUG - 预期结果         :{'code': -1, 'msg': '用户名或密码为空'}
'09/09/2019 02:16:39 PM' - DEBUG - ##############################...end Login case 3...##############################
'09/09/2019 02:16:39 PM' - DEBUG - #############################...start Login case 4...#############################
'09/09/2019 02:16:39 PM' - DEBUG - 用例名称         :ByPassword
'09/09/2019 02:16:39 PM' - DEBUG - 用例描述         :用户名或密码错误
'09/09/2019 02:16:39 PM' - DEBUG - 用例执行时间      :2019-09-09 14:16:39
'09/09/2019 02:16:39 PM' - DEBUG - ------------------------------------- 请求信息 -------------------------------------
'09/09/2019 02:16:39 PM' - DEBUG - 用例请求方法      :post
'09/09/2019 02:16:39 PM' - DEBUG - 接口地址         :https://as-web.fangdd.com/ioux/loginByPassword
'09/09/2019 02:16:39 PM' - DEBUG - 请求参数         :
'09/09/2019 02:16:39 PM' - DEBUG - 是否跳过         :是
'09/09/2019 02:16:39 PM' - DEBUG - ##############################...end Login case 4...##############################
'09/09/2019 02:16:39 PM' - DEBUG - #############################...start Login case 5...#############################
'09/09/2019 02:16:39 PM' - DEBUG - 用例名称         :ByPassword
'09/09/2019 02:16:39 PM' - DEBUG - 用例描述         :用户名或密码错误
'09/09/2019 02:16:39 PM' - DEBUG - 用例执行时间      :2019-09-09 14:16:39
'09/09/2019 02:16:39 PM' - DEBUG - ------------------------------------- 请求信息 -------------------------------------
'09/09/2019 02:16:39 PM' - DEBUG - 用例请求方法      :post
'09/09/2019 02:16:39 PM' - DEBUG - 接口地址         :https://as-web.fangdd.com/ioux/loginByPassword
'09/09/2019 02:16:39 PM' - DEBUG - 请求参数         :
'09/09/2019 02:16:39 PM' - DEBUG - 是否跳过         :否
'09/09/2019 02:16:39 PM' - DEBUG - 请求体           :{'username': '13217176556', 'password': 'Wawa520.'}
'09/09/2019 02:16:39 PM' - DEBUG - 响应结果         :{'error': True, 'code': '40352', 'msg': 'User not exists or password incorrect'}
'09/09/2019 02:16:39 PM' - DEBUG - 预期结果         :{'code': '40353', 'msg': 'User not exists or password incorrect'}
'09/09/2019 02:16:39 PM' - DEBUG - ##############################...end Login case 5...##############################
'09/09/2019 02:19:48 PM' - DEBUG - #############################...start Login case 1...#############################
'09/09/2019 02:19:48 PM' - DEBUG - 用例名称         :ByPassword
'09/09/2019 02:19:48 PM' - DEBUG - 用例描述         :用户名密码正确登录
'09/09/2019 02:19:48 PM' - DEBUG - 用例执行时间      :2019-09-09 14:19:48
'09/09/2019 02:19:48 PM' - DEBUG - ------------------------------------- 请求信息 -------------------------------------
'09/09/2019 02:19:48 PM' - DEBUG - 用例请求方法      :post
'09/09/2019 02:19:48 PM' - DEBUG - 接口地址         :https://as-web.fangdd.com/ioux/loginByPassword
'09/09/2019 02:19:48 PM' - DEBUG - 请求参数         :
'09/09/2019 02:19:48 PM' - DEBUG - 是否跳过         :否
'09/09/2019 02:19:48 PM' - DEBUG - 数据依赖类型      :relateOut
'09/09/2019 02:19:48 PM' - DEBUG - header          :{'content-type': 'application/json'}
'09/09/2019 02:19:48 PM' - DEBUG - 请求体           :{'username': '18682236985', 'password': 'Wawa520.'}
'09/09/2019 02:19:49 PM' - DEBUG - 响应结果         :{'code': 200, 'data': {'userId': 6520137, 'userName': '陈文建', 'realName': '陈文建', 'mobile': '18682236985', 'email': 'chenwenjian@fangdd.com', 'avatar': None, 'roleId': 1, 'roleName': '新房商服', 'orgId': 3, 'orgName': '测试自营分公司', 'serviceAgentCount': 0, 'cities': [{'cityName': '白山', 'cityId': 10204}, {'cityName': '东莞', 'cityId': 1406}, {'cityName': '苏州', 'cityId': 3}, {'cityName': '北京', 'cityId': 2179}, {'cityName': '成都', 'cityId': 450}, {'cityName': '武汉', 'cityId': 619}, {'cityName': '广州', 'cityId': 852}], 'isLogin': True, 'isAs': False, 'isPlatformAs': False, 'dep': {'depName': '测试自营分公司', 'level': 1, 'parentDepId': None, 'orgId': None, 'depId': 37, 'positionType': 1}, 'staffManagerLevel': 1, 'orgs': None}}
'09/09/2019 02:19:49 PM' - DEBUG - 预期结果         :{'code': 200}
'09/09/2019 02:19:49 PM' - INFO - 依赖数据缓存成功    :userId-->ID, 数据值为:6520137
'09/09/2019 02:19:49 PM' - DEBUG - ##############################...end Login case 1...##############################
'09/09/2019 02:19:49 PM' - DEBUG - #############################...start Login case 2...#############################
'09/09/2019 02:19:49 PM' - DEBUG - 用例名称         :ByPassword
'09/09/2019 02:19:49 PM' - DEBUG - 用例描述         :用户名或密码为空
'09/09/2019 02:19:49 PM' - DEBUG - 用例执行时间      :2019-09-09 14:19:49
'09/09/2019 02:19:49 PM' - DEBUG - ------------------------------------- 请求信息 -------------------------------------
'09/09/2019 02:19:49 PM' - DEBUG - 用例请求方法      :post
'09/09/2019 02:19:49 PM' - DEBUG - 接口地址         :https://as-web.fangdd.com/ioux/loginByPassword
'09/09/2019 02:19:49 PM' - DEBUG - 请求参数         :
'09/09/2019 02:19:49 PM' - DEBUG - 是否跳过         :否
'09/09/2019 02:19:49 PM' - DEBUG - 请求体           :{'username': '', 'password': 'Wawa521.'}
'09/09/2019 02:19:49 PM' - DEBUG - 响应结果         :{'error': True, 'code': -1, 'msg': '用户名或密码为空'}
'09/09/2019 02:19:49 PM' - DEBUG - 预期结果         :{'code': -1, 'msg': '用户名或密码为空'}
'09/09/2019 02:19:49 PM' - DEBUG - ##############################...end Login case 2...##############################
'09/09/2019 02:19:49 PM' - DEBUG - #############################...start Login case 3...#############################
'09/09/2019 02:19:49 PM' - DEBUG - 用例名称         :ByPassword
'09/09/2019 02:19:49 PM' - DEBUG - 用例描述         :用户名或密码为空
'09/09/2019 02:19:49 PM' - DEBUG - 用例执行时间      :2019-09-09 14:19:49
'09/09/2019 02:19:49 PM' - DEBUG - ------------------------------------- 请求信息 -------------------------------------
'09/09/2019 02:19:49 PM' - DEBUG - 用例请求方法      :post
'09/09/2019 02:19:49 PM' - DEBUG - 接口地址         :https://as-web.fangdd.com/ioux/loginByPassword
'09/09/2019 02:19:49 PM' - DEBUG - 请求参数         :
'09/09/2019 02:19:49 PM' - DEBUG - 是否跳过         :否
'09/09/2019 02:19:49 PM' - DEBUG - 请求体           :{'username': '18682236985', 'password': ''}
'09/09/2019 02:19:49 PM' - DEBUG - 响应结果         :{'error': True, 'code': -1, 'msg': '用户名或密码为空'}
'09/09/2019 02:19:49 PM' - DEBUG - 预期结果         :{'code': -1, 'msg': '用户名或密码为空'}
'09/09/2019 02:19:49 PM' - DEBUG - ##############################...end Login case 3...##############################
'09/09/2019 02:19:49 PM' - DEBUG - #############################...start Login case 4...#############################
'09/09/2019 02:19:49 PM' - DEBUG - 用例名称         :ByPassword
'09/09/2019 02:19:49 PM' - DEBUG - 用例描述         :用户名或密码错误
'09/09/2019 02:19:49 PM' - DEBUG - 用例执行时间      :2019-09-09 14:19:49
'09/09/2019 02:19:49 PM' - DEBUG - ------------------------------------- 请求信息 -------------------------------------
'09/09/2019 02:19:49 PM' - DEBUG - 用例请求方法      :post
'09/09/2019 02:19:49 PM' - DEBUG - 接口地址         :https://as-web.fangdd.com/ioux/loginByPassword
'09/09/2019 02:19:49 PM' - DEBUG - 请求参数         :
'09/09/2019 02:19:49 PM' - DEBUG - 是否跳过         :是
'09/09/2019 02:19:49 PM' - DEBUG - ##############################...end Login case 4...##############################
'09/09/2019 02:19:49 PM' - DEBUG - #############################...start Login case 5...#############################
'09/09/2019 02:19:49 PM' - DEBUG - 用例名称         :ByPassword
'09/09/2019 02:19:49 PM' - DEBUG - 用例描述         :用户名或密码错误
'09/09/2019 02:19:49 PM' - DEBUG - 用例执行时间      :2019-09-09 14:19:49
'09/09/2019 02:19:49 PM' - DEBUG - ------------------------------------- 请求信息 -------------------------------------
'09/09/2019 02:19:49 PM' - DEBUG - 用例请求方法      :post
'09/09/2019 02:19:49 PM' - DEBUG - 接口地址         :https://as-web.fangdd.com/ioux/loginByPassword
'09/09/2019 02:19:49 PM' - DEBUG - 请求参数         :
'09/09/2019 02:19:49 PM' - DEBUG - 是否跳过         :否
'09/09/2019 02:19:49 PM' - DEBUG - 请求体           :{'username': '13217176556', 'password': 'Wawa520.'}
'09/09/2019 02:19:49 PM' - DEBUG - 响应结果         :{'error': True, 'code': '40352', 'msg': 'User not exists or password incorrect'}
'09/09/2019 02:19:49 PM' - DEBUG - 预期结果         :{'code': '40353', 'msg': 'User not exists or password incorrect'}
'09/09/2019 02:19:49 PM' - DEBUG - ##############################...end Login case 5...##############################
'09/09/2019 02:26:32 PM' - DEBUG - #############################...start Login case 1...#############################
'09/09/2019 02:26:32 PM' - DEBUG - 用例名称         :ByPassword
'09/09/2019 02:26:32 PM' - DEBUG - 用例描述         :用户名密码正确登录
'09/09/2019 02:26:32 PM' - DEBUG - 用例执行时间      :2019-09-09 14:26:32
'09/09/2019 02:26:32 PM' - DEBUG - ------------------------------------- 请求信息 -------------------------------------
'09/09/2019 02:26:32 PM' - DEBUG - 用例请求方法      :post
'09/09/2019 02:26:32 PM' - DEBUG - 接口地址         :https://as-web.fangdd.com/ioux/loginByPassword
'09/09/2019 02:26:32 PM' - DEBUG - 请求参数         :
'09/09/2019 02:26:32 PM' - DEBUG - 是否跳过         :否
'09/09/2019 02:26:32 PM' - DEBUG - 数据依赖类型      :relateOut
'09/09/2019 02:26:32 PM' - DEBUG - header          :{'content-type': 'application/json'}
'09/09/2019 02:26:32 PM' - DEBUG - 请求体           :{'username': '18682236985', 'password': 'Wawa520.'}
'09/09/2019 02:26:32 PM' - DEBUG - 响应结果         :{'code': 200, 'data': {'userId': 6520137, 'userName': '陈文建', 'realName': '陈文建', 'mobile': '18682236985', 'email': 'chenwenjian@fangdd.com', 'avatar': None, 'roleId': 1, 'roleName': '新房商服', 'orgId': 3, 'orgName': '测试自营分公司', 'serviceAgentCount': 0, 'cities': [{'cityName': '白山', 'cityId': 10204}, {'cityName': '东莞', 'cityId': 1406}, {'cityName': '苏州', 'cityId': 3}, {'cityName': '北京', 'cityId': 2179}, {'cityName': '成都', 'cityId': 450}, {'cityName': '武汉', 'cityId': 619}, {'cityName': '广州', 'cityId': 852}], 'isLogin': True, 'isAs': False, 'isPlatformAs': False, 'dep': {'depName': '测试自营分公司', 'level': 1, 'parentDepId': None, 'orgId': None, 'depId': 37, 'positionType': 1}, 'staffManagerLevel': 1, 'orgs': None}}
'09/09/2019 02:26:32 PM' - DEBUG - 预期结果         :{'code': 200}
'09/09/2019 02:26:32 PM' - INFO - 依赖数据缓存成功    :userId-->ID, 数据值为:6520137
'09/09/2019 02:26:32 PM' - DEBUG - ##############################...end Login case 1...##############################
'09/09/2019 02:26:32 PM' - DEBUG - #############################...start Login case 2...#############################
'09/09/2019 02:26:32 PM' - DEBUG - 用例名称         :ByPassword
'09/09/2019 02:26:32 PM' - DEBUG - 用例描述         :用户名或密码为空
'09/09/2019 02:26:32 PM' - DEBUG - 用例执行时间      :2019-09-09 14:26:32
'09/09/2019 02:26:32 PM' - DEBUG - ------------------------------------- 请求信息 -------------------------------------
'09/09/2019 02:26:32 PM' - DEBUG - 用例请求方法      :post
'09/09/2019 02:26:32 PM' - DEBUG - 接口地址         :https://as-web.fangdd.com/ioux/loginByPassword
'09/09/2019 02:26:32 PM' - DEBUG - 请求参数         :
'09/09/2019 02:26:32 PM' - DEBUG - 是否跳过         :否
'09/09/2019 02:26:32 PM' - DEBUG - 请求体           :{'username': '', 'password': 'Wawa521.'}
'09/09/2019 02:26:33 PM' - DEBUG - 响应结果         :{'error': True, 'code': -1, 'msg': '用户名或密码为空'}
'09/09/2019 02:26:33 PM' - DEBUG - 预期结果         :{'code': -1, 'msg': '用户名或密码为空'}
'09/09/2019 02:26:33 PM' - DEBUG - ##############################...end Login case 2...##############################
'09/09/2019 02:26:33 PM' - DEBUG - #############################...start Login case 3...#############################
'09/09/2019 02:26:33 PM' - DEBUG - 用例名称         :ByPassword
'09/09/2019 02:26:33 PM' - DEBUG - 用例描述         :用户名或密码为空
'09/09/2019 02:26:33 PM' - DEBUG - 用例执行时间      :2019-09-09 14:26:33
'09/09/2019 02:26:33 PM' - DEBUG - ------------------------------------- 请求信息 -------------------------------------
'09/09/2019 02:26:33 PM' - DEBUG - 用例请求方法      :post
'09/09/2019 02:26:33 PM' - DEBUG - 接口地址         :https://as-web.fangdd.com/ioux/loginByPassword
'09/09/2019 02:26:33 PM' - DEBUG - 请求参数         :
'09/09/2019 02:26:33 PM' - DEBUG - 是否跳过         :否
'09/09/2019 02:26:33 PM' - DEBUG - 请求体           :{'username': '18682236985', 'password': ''}
'09/09/2019 02:26:33 PM' - DEBUG - 响应结果         :{'error': True, 'code': -1, 'msg': '用户名或密码为空'}
'09/09/2019 02:26:33 PM' - DEBUG - 预期结果         :{'code': -1, 'msg': '用户名或密码为空'}
'09/09/2019 02:26:33 PM' - DEBUG - ##############################...end Login case 3...##############################
'09/09/2019 02:26:33 PM' - DEBUG - #############################...start Login case 4...#############################
'09/09/2019 02:26:33 PM' - DEBUG - 用例名称         :ByPassword
'09/09/2019 02:26:33 PM' - DEBUG - 用例描述         :用户名或密码错误
'09/09/2019 02:26:33 PM' - DEBUG - 用例执行时间      :2019-09-09 14:26:33
'09/09/2019 02:26:33 PM' - DEBUG - ------------------------------------- 请求信息 -------------------------------------
'09/09/2019 02:26:33 PM' - DEBUG - 用例请求方法      :post
'09/09/2019 02:26:33 PM' - DEBUG - 接口地址         :https://as-web.fangdd.com/ioux/loginByPassword
'09/09/2019 02:26:33 PM' - DEBUG - 请求参数         :
'09/09/2019 02:26:33 PM' - DEBUG - 是否跳过         :是
'09/09/2019 02:26:33 PM' - DEBUG - ##############################...end Login case 4...##############################
'09/09/2019 02:26:33 PM' - DEBUG - #############################...start Login case 5...#############################
'09/09/2019 02:26:33 PM' - DEBUG - 用例名称         :ByPassword
'09/09/2019 02:26:33 PM' - DEBUG - 用例描述         :用户名或密码错误
'09/09/2019 02:26:33 PM' - DEBUG - 用例执行时间      :2019-09-09 14:26:33
'09/09/2019 02:26:33 PM' - DEBUG - ------------------------------------- 请求信息 -------------------------------------
'09/09/2019 02:26:33 PM' - DEBUG - 用例请求方法      :post
'09/09/2019 02:26:33 PM' - DEBUG - 接口地址         :https://as-web.fangdd.com/ioux/loginByPassword
'09/09/2019 02:26:33 PM' - DEBUG - 请求参数         :
'09/09/2019 02:26:33 PM' - DEBUG - 是否跳过         :否
'09/09/2019 02:26:33 PM' - DEBUG - 请求体           :{'username': '13217176556', 'password': 'Wawa520.'}
'09/09/2019 02:26:33 PM' - DEBUG - 响应结果         :{'error': True, 'code': '40352', 'msg': 'User not exists or password incorrect'}
'09/09/2019 02:26:33 PM' - DEBUG - 预期结果         :{'code': '40353', 'msg': 'User not exists or password incorrect'}
'09/09/2019 02:26:33 PM' - DEBUG - ##############################...end Login case 5...##############################
'09/09/2019 02:39:04 PM' - DEBUG - #############################...start Login case 1...#############################
'09/09/2019 02:39:04 PM' - DEBUG - 用例名称         :ByPassword
'09/09/2019 02:39:04 PM' - DEBUG - 用例描述         :用户名密码正确登录
'09/09/2019 02:39:04 PM' - DEBUG - 用例执行时间      :2019-09-09 14:39:04
'09/09/2019 02:39:04 PM' - DEBUG - ------------------------------------- 请求信息 -------------------------------------
'09/09/2019 02:39:04 PM' - DEBUG - 用例请求方法      :post
'09/09/2019 02:39:04 PM' - DEBUG - 接口地址         :https://as-web.fangdd.com/ioux/loginByPassword
'09/09/2019 02:39:04 PM' - DEBUG - 请求参数         :
'09/09/2019 02:39:04 PM' - DEBUG - 是否跳过         :否
'09/09/2019 02:39:04 PM' - DEBUG - 数据依赖类型      :relateOut
'09/09/2019 02:39:04 PM' - DEBUG - header          :{'content-type': 'application/json'}
'09/09/2019 02:39:04 PM' - DEBUG - 请求体           :{'username': '18682236985', 'password': 'Wawa520.'}
'09/09/2019 02:39:04 PM' - DEBUG - 响应结果         :{'code': 200, 'data': {'userId': 6520137, 'userName': '陈文建', 'realName': '陈文建', 'mobile': '18682236985', 'email': 'chenwenjian@fangdd.com', 'avatar': None, 'roleId': 1, 'roleName': '新房商服', 'orgId': 3, 'orgName': '测试自营分公司', 'serviceAgentCount': 0, 'cities': [{'cityName': '白山', 'cityId': 10204}, {'cityName': '东莞', 'cityId': 1406}, {'cityName': '苏州', 'cityId': 3}, {'cityName': '北京', 'cityId': 2179}, {'cityName': '成都', 'cityId': 450}, {'cityName': '武汉', 'cityId': 619}, {'cityName': '广州', 'cityId': 852}], 'isLogin': True, 'isAs': False, 'isPlatformAs': False, 'dep': {'depName': '测试自营分公司', 'level': 1, 'parentDepId': None, 'orgId': None, 'depId': 37, 'positionType': 1}, 'staffManagerLevel': 1, 'orgs': None}}
'09/09/2019 02:39:04 PM' - DEBUG - 预期结果         :{'code': 200}
'09/09/2019 02:39:04 PM' - INFO - 依赖数据缓存成功    :userId-->ID, 数据值为:6520137
'09/09/2019 02:39:04 PM' - DEBUG - ##############################...end Login case 1...##############################
'09/09/2019 02:39:04 PM' - DEBUG - #############################...start Login case 2...#############################
'09/09/2019 02:39:04 PM' - DEBUG - 用例名称         :ByPassword
'09/09/2019 02:39:04 PM' - DEBUG - 用例描述         :用户名或密码为空
'09/09/2019 02:39:04 PM' - DEBUG - 用例执行时间      :2019-09-09 14:39:04
'09/09/2019 02:39:04 PM' - DEBUG - ------------------------------------- 请求信息 -------------------------------------
'09/09/2019 02:39:04 PM' - DEBUG - 用例请求方法      :post
'09/09/2019 02:39:04 PM' - DEBUG - 接口地址         :https://as-web.fangdd.com/ioux/loginByPassword
'09/09/2019 02:39:04 PM' - DEBUG - 请求参数         :
'09/09/2019 02:39:04 PM' - DEBUG - 是否跳过         :否
'09/09/2019 02:39:04 PM' - DEBUG - 请求体           :{'username': '', 'password': 'Wawa521.'}
'09/09/2019 02:39:05 PM' - DEBUG - 响应结果         :{'error': True, 'code': -1, 'msg': '用户名或密码为空'}
'09/09/2019 02:39:05 PM' - DEBUG - 预期结果         :{'code': -1, 'msg': '用户名或密码为空'}
'09/09/2019 02:39:05 PM' - DEBUG - ##############################...end Login case 2...##############################
'09/09/2019 02:39:05 PM' - DEBUG - #############################...start Login case 3...#############################
'09/09/2019 02:39:05 PM' - DEBUG - 用例名称         :ByPassword
'09/09/2019 02:39:05 PM' - DEBUG - 用例描述         :用户名或密码为空
'09/09/2019 02:39:05 PM' - DEBUG - 用例执行时间      :2019-09-09 14:39:05
'09/09/2019 02:39:05 PM' - DEBUG - ------------------------------------- 请求信息 -------------------------------------
'09/09/2019 02:39:05 PM' - DEBUG - 用例请求方法      :post
'09/09/2019 02:39:05 PM' - DEBUG - 接口地址         :https://as-web.fangdd.com/ioux/loginByPassword
'09/09/2019 02:39:05 PM' - DEBUG - 请求参数         :
'09/09/2019 02:39:05 PM' - DEBUG - 是否跳过         :否
'09/09/2019 02:39:05 PM' - DEBUG - 请求体           :{'username': '18682236985', 'password': ''}
'09/09/2019 02:39:05 PM' - DEBUG - 响应结果         :{'error': True, 'code': -1, 'msg': '用户名或密码为空'}
'09/09/2019 02:39:05 PM' - DEBUG - 预期结果         :{'code': -1, 'msg': '用户名或密码为空'}
'09/09/2019 02:39:05 PM' - DEBUG - ##############################...end Login case 3...##############################
'09/09/2019 02:39:05 PM' - DEBUG - #############################...start Login case 4...#############################
'09/09/2019 02:39:05 PM' - DEBUG - 用例名称         :ByPassword
'09/09/2019 02:39:05 PM' - DEBUG - 用例描述         :用户名或密码错误
'09/09/2019 02:39:05 PM' - DEBUG - 用例执行时间      :2019-09-09 14:39:05
'09/09/2019 02:39:05 PM' - DEBUG - ------------------------------------- 请求信息 -------------------------------------
'09/09/2019 02:39:05 PM' - DEBUG - 用例请求方法      :post
'09/09/2019 02:39:05 PM' - DEBUG - 接口地址         :https://as-web.fangdd.com/ioux/loginByPassword
'09/09/2019 02:39:05 PM' - DEBUG - 请求参数         :
'09/09/2019 02:39:05 PM' - DEBUG - 是否跳过         :是
'09/09/2019 02:39:05 PM' - DEBUG - ##############################...end Login case 4...##############################
'09/09/2019 02:39:05 PM' - DEBUG - #############################...start Login case 5...#############################
'09/09/2019 02:39:05 PM' - DEBUG - 用例名称         :ByPassword
'09/09/2019 02:39:05 PM' - DEBUG - 用例描述         :用户名或密码错误
'09/09/2019 02:39:05 PM' - DEBUG - 用例执行时间      :2019-09-09 14:39:05
'09/09/2019 02:39:05 PM' - DEBUG - ------------------------------------- 请求信息 -------------------------------------
'09/09/2019 02:39:05 PM' - DEBUG - 用例请求方法      :post
'09/09/2019 02:39:05 PM' - DEBUG - 接口地址         :https://as-web.fangdd.com/ioux/loginByPassword
'09/09/2019 02:39:05 PM' - DEBUG - 请求参数         :
'09/09/2019 02:39:05 PM' - DEBUG - 是否跳过         :否
'09/09/2019 02:39:05 PM' - DEBUG - 请求体           :{'username': '13217176556', 'password': 'Wawa520.'}
'09/09/2019 02:39:05 PM' - DEBUG - 响应结果         :{'error': True, 'code': '40352', 'msg': 'User not exists or password incorrect'}
'09/09/2019 02:39:05 PM' - DEBUG - 预期结果         :{'code': '40353', 'msg': 'User not exists or password incorrect'}
'09/09/2019 02:39:05 PM' - DEBUG - ##############################...end Login case 5...##############################
